0 info it worked if it ends with ok
1 verbose cli [ '/Users/dlafuente/.nvm/versions/node/v4.2.6/bin/node',
1 verbose cli   '/Users/dlafuente/.nvm/versions/node/v4.2.6/bin/npm',
1 verbose cli   'start' ]
2 info using npm@3.6.0
3 info using node@v4.2.6
4 verbose run-script [ 'prestart', 'start', 'poststart' ]
5 info lifecycle ittdocs@0.0.1~prestart: ittdocs@0.0.1
6 silly lifecycle ittdocs@0.0.1~prestart: no script for prestart, continuing
7 info lifecycle ittdocs@0.0.1~start: ittdocs@0.0.1
8 verbose lifecycle ittdocs@0.0.1~start: unsafe-perm in lifecycle true
9 verbose lifecycle ittdocs@0.0.1~start: PATH: /Users/dlafuente/.nvm/versions/node/v4.2.6/lib/node_modules/npm/bin/node-gyp-bin:/Users/dlafuente/git/ITTDocs/node_modules/.bin:/Users/dlafuente/.nvm/versions/node/v4.2.6/bin:/usr/local/bin:/usr/bin:/bin:/usr/sbin:/sbin:/opt/X11/bin:/usr/local/git/bin
10 verbose lifecycle ittdocs@0.0.1~start: CWD: /Users/dlafuente/git/ITTDocs
11 silly lifecycle ittdocs@0.0.1~start: Args: [ '-c', 'node bin/single-ITTDocs.js' ]
12 silly lifecycle ittdocs@0.0.1~start: Returned: code: 1  signal: null
13 info lifecycle ittdocs@0.0.1~start: Failed to exec start script
14 verbose stack Error: ittdocs@0.0.1 start: `node bin/single-ITTDocs.js`
14 verbose stack Exit status 1
14 verbose stack     at EventEmitter.<anonymous> (/Users/dlafuente/.nvm/versions/node/v4.2.6/lib/node_modules/npm/lib/utils/lifecycle.js:232:16)
14 verbose stack     at emitTwo (events.js:87:13)
14 verbose stack     at EventEmitter.emit (events.js:172:7)
14 verbose stack     at ChildProcess.<anonymous> (/Users/dlafuente/.nvm/versions/node/v4.2.6/lib/node_modules/npm/lib/utils/spawn.js:24:14)
14 verbose stack     at emitTwo (events.js:87:13)
14 verbose stack     at ChildProcess.emit (events.js:172:7)
14 verbose stack     at maybeClose (internal/child_process.js:821:16)
14 verbose stack     at Process.ChildProcess._handle.onexit (internal/child_process.js:211:5)
15 verbose pkgid ittdocs@0.0.1
16 verbose cwd /Users/dlafuente/git/ITTDocs
17 error Darwin 15.2.0
18 error argv "/Users/dlafuente/.nvm/versions/node/v4.2.6/bin/node" "/Users/dlafuente/.nvm/versions/node/v4.2.6/bin/npm" "start"
19 error node v4.2.6
20 error npm  v3.6.0
21 error code ELIFECYCLE
22 error ittdocs@0.0.1 start: `node bin/single-ITTDocs.js`
22 error Exit status 1
23 error Failed at the ittdocs@0.0.1 start script 'node bin/single-ITTDocs.js'.
23 error Make sure you have the latest version of node.js and npm installed.
23 error If you do, this is most likely a problem with the ittdocs package,
23 error not with npm itself.
23 error Tell the author that this fails on your system:
23 error     node bin/single-ITTDocs.js
23 error You can get information on how to open an issue for this project with:
23 error     npm bugs ittdocs
23 error Or if that isn't available, you can get their info via:
23 error     npm owner ls ittdocs
23 error There is likely additional logging output above.
24 verbose exit [ 1, true ]
